<?xml version="1.0" encoding="UTF-8"?>
<testng-results skipped="0" failed="0" ignored="0" total="1" passed="1">
  <reporter-output>
  </reporter-output>
  <suite name="Suite" duration-ms="36518" started-at="2020-03-27T04:57:55Z" finished-at="2020-03-27T04:58:32Z">
    <groups>
    </groups>
    <test name="POC" duration-ms="36518" started-at="2020-03-27T04:57:55Z" finished-at="2020-03-27T04:58:32Z">
      <class name="com.dlc.dlcAutomation.sampleTestWeb">
        <test-method status="PASS" signature="setUp(java.lang.String)[pri:0, instance:com.dlc.dlcAutomation.sampleTestWeb@7d8704ef]" name="setUp" is-config="true" duration-ms="10296" started-at="2020-03-27T04:57:45Z" finished-at="2020-03-27T04:57:55Z">
          <params>
            <param index="0">
              <value>
                <![CDATA[Chrome]]>
              </value>
            </param>
          </params>
          <reporter-output>
          </reporter-output>
        </test-method> <!-- setUp -->
        <test-method status="PASS" signature="initt()[pri:0, instance:com.dlc.dlcAutomation.sampleTestWeb@7d8704ef]" name="initt" is-config="true" duration-ms="89" started-at="2020-03-27T04:57:55Z" finished-at="2020-03-27T04:57:55Z">
          <reporter-output>
          </reporter-output>
        </test-method> <!-- initt -->
        <test-method status="PASS" signature="beforeMethod(java.lang.reflect.Method)[pri:0, instance:com.dlc.dlcAutomation.sampleTestWeb@7d8704ef]" name="beforeMethod" is-config="true" duration-ms="11" started-at="2020-03-27T04:57:55Z" finished-at="2020-03-27T04:57:55Z">
          <params>
            <param index="0">
              <value>
                <![CDATA[public void com.dlc.dlcAutomation.sampleTestWeb.weBTesting() throws java.lang.Exception]]>
              </value>
            </param>
          </params>
          <reporter-output>
          </reporter-output>
        </test-method> <!-- beforeMethod -->
        <test-method status="PASS" signature="weBTesting()[pri:1, instance:com.dlc.dlcAutomation.sampleTestWeb@7d8704ef]" name="weBTesting" duration-ms="35878" started-at="2020-03-27T04:57:55Z" finished-at="2020-03-27T04:58:31Z">
          <reporter-output>
          </reporter-output>
        </test-method> <!-- weBTesting -->
        <test-method status="PASS" signature="afterMethod(org.testng.ITestResult)[pri:0, instance:com.dlc.dlcAutomation.sampleTestWeb@7d8704ef]" name="afterMethod" is-config="true" duration-ms="3" started-at="2020-03-27T04:58:31Z" finished-at="2020-03-27T04:58:31Z">
          <params>
            <param index="0">
              <value>
                <![CDATA[[TestResult name=weBTesting status=SUCCESS method=sampleTestWeb.weBTesting()[pri:1, instance:com.dlc.dlcAutomation.sampleTestWeb@7d8704ef] output={null}]]]>
              </value>
            </param>
          </params>
          <reporter-output>
          </reporter-output>
        </test-method> <!-- afterMethod -->
        <test-method status="PASS" signature="endTest()[pri:0, instance:com.dlc.dlcAutomation.sampleTestWeb@7d8704ef]" name="endTest" is-config="true" duration-ms="489" started-at="2020-03-27T04:58:31Z" finished-at="2020-03-27T04:58:32Z">
          <reporter-output>
          </reporter-output>
        </test-method> <!-- endTest -->
        <test-method status="PASS" signature="shutDown()[pri:0, instance:com.dlc.dlcAutomation.sampleTestWeb@7d8704ef]" name="shutDown" is-config="true" duration-ms="1319" started-at="2020-03-27T04:58:32Z" finished-at="2020-03-27T04:58:33Z">
          <reporter-output>
          </reporter-output>
        </test-method> <!-- shutDown -->
      </class> <!-- com.dlc.dlcAutomation.sampleTestWeb -->
    </test> <!-- POC -->
  </suite> <!-- Suite -->
</testng-results>
